<?xml version="1.0" encoding="UTF-8"?>
<!-- Generated by org.testng.reporters.JUnitXMLReporter -->
<testsuite ignored="0" hostname="DESKTOP-172HLSO" failures="1" tests="3" name="Login Error Validation Test" time="22.905" errors="0" timestamp="2022-10-06T08:07:54 IST">
  <testcase classname="tests.LoginErrorValidationTest" name="addToCart" time="0.795">
    <skipped/>
  </testcase> <!-- addToCart -->
  <testcase classname="tests.LoginErrorValidationTest" name="addToCart" time="0.829">
    <failure type="org.junit.ComparisonFailure" message="expected:&amp;lt;...orrect email or pass[**]word.&amp;gt; but was:&amp;lt;...orrect email or pass[]word.&amp;gt;">
      <![CDATA[org.junit.ComparisonFailure: expected:<...orrect email or pass[**]word.> but was:<...orrect email or pass[]word.>
at org.junit.Assert.assertEquals(Assert.java:115)
at org.junit.Assert.assertEquals(Assert.java:144)
at tests.LoginErrorValidationTest.addToCart(LoginErrorValidationTest.java:26)
at java.base/java.util.ArrayList.forEach(ArrayList.java:1511)
at java.base/java.util.concurrent.FutureTask.run(FutureTask.java:264)
at java.base/java.util.concurrent.ThreadPoolExecutor.runWorker(ThreadPoolExecutor.java:1136)
at java.base/java.util.concurrent.ThreadPoolExecutor$Worker.run(ThreadPoolExecutor.java:635)
at java.base/java.lang.Thread.run(Thread.java:833)
... Removed 16 stack frames]]>
    </failure>
  </testcase> <!-- addToCart -->
  <testcase classname="tests.LoginErrorValidationTest" name="productPageValidation" time="4.673"/>
</testsuite> <!-- Login Error Validation Test -->
