<?xml version="1.0" encoding="UTF-8"?>
<!-- Generated by org.testng.reporters.JUnitXMLReporter -->
<testsuite ignored="1" hostname="DESKTOP-172HLSO" failures="0" tests="1" name="Login Error Validation" time="6.731" errors="0" timestamp="2022-10-03T18:59:22 IST">
  <testcase classname="tests.LoginErrorValidationTest" name="addtoCart" time="0.843"/>
  <testcase classname="tests.LoginErrorValidationTest" name="productPageValidation" time="0.0">
    <ignored/>
  </testcase> <!-- productPageValidation -->
</testsuite> <!-- Login Error Validation -->
