<?xml version="1.0" encoding="UTF-8"?>
<!-- Generated by org.testng.reporters.JUnitXMLReporter -->
<testsuite ignored="0" hostname="DESKTOP-172HLSO" failures="0" tests="2" name="Login Error Validation Test" time="21.48" errors="0" timestamp="2022-10-06T08:05:15 IST">
  <testcase classname="tests.LoginErrorValidationTest" name="addToCart" time="0.648"/>
  <testcase classname="tests.LoginErrorValidationTest" name="productPageValidation" time="4.906"/>
</testsuite> <!-- Login Error Validation Test -->
