<?xml version="1.0" encoding="UTF-8"?>
<!-- Generated by org.testng.reporters.JUnitXMLReporter -->
<testsuite ignored="0" hostname="DESKTOP-172HLSO" failures="0" tests="3" name="Submit Order Test" time="35.351" errors="0" timestamp="2022-10-06T08:05:29 IST">
  <testcase classname="tests.SubmitOrderTest" name="submitOrder" time="6.174"/>
  <testcase classname="tests.SubmitOrderTest" name="submitOrder" time="5.959"/>
  <testcase classname="tests.SubmitOrderTest" name="OrderHistoryTest" time="1.495"/>
</testsuite> <!-- Submit Order Test -->
